This is pdfTeX, Version 3.14159265-2.6-1.40.17 (TeX Live 2016) (preloaded format=pdflatex 2016.5.22)  14 DEC 2018 15:55
entering extended mode
 restricted \write18 enabled.
 file:line:error style messages enabled.
 %&-line parsing enabled.
**paper.tex
(./paper.tex
LaTeX2e <2016/03/31>
Babel <3.9r> and hyphenation patterns for 83 language(s) loaded.
(/usr/local/texlive/2016/texmf-dist/tex/latex/revtex/revtex4-1.cls
Document Class: revtex4-1 2010/07/25/20:33:00 4.1r (http://publish.aps.org/revt
ex4/ for documentation)
 Copyright (c) 2009 The American Physical Society.
 mailto:revtex@aps.org
 Licensed under the LPPL:
http://www.ctan.org/tex-archive/macros/latex/base/lppl.txt
 Arthur Ogawa <arthur_ogawa at sbcglobal dot net>
 Based on work by David Carlisle <david at dcarlisle.demon.co.uk>.
ltxutil[2010/07/25/20:33:00 4.1r utilities package (portions licensed from W. E
. Baxter web at superscript.com)]
LaTeX Info: Redefining \@centercr on input line 308.
Class revtex4-1 Info: Repairing broken LaTeX eqnarray on input line 358.
\eqncolsep=\skip41
Class revtex4-1 Info: Repairing hyperref-unfriendly LaTeX definition of \mpfoot
note on input line 433.
Class revtex4-1 Info: Repairing broken LateX \@sect on input line 755.
\intertabularlinepenalty=\count79
\@tbpen=\count80
\@arstrutbox@hline=\box26
Class revtex4-1 Info: Repairing broken LaTeX \@xbitor on input line 1786.
Class revtex4-1 Info: Making \typeout \long on input line 2046.
ltxfront[2010/07/25/20:33:00 4.1r frontmatter package (AO,DPC)]
\c@affil=\count81
\c@collab=\count82
\absbox=\box27
ltxgrid[2010/07/25/20:33:00 4.1r page grid package (portions licensed from W. E
. Baxter web at superscript.com)]
\c@linecount=\count83
\output@latex=\toks14
\box@size@1=\box28
\box@size@2=\box29
\@protection@box=\box30
\@topmark@saved=\toks15
\footins@saved=\box31
\footins@recovered=\box32
\column@recovered=\box33
\pagesofar=\box34
\footsofar=\box35
\pagegrid@col=\count84
Class revtex4-1 Info: Overriding \@vspace, \@vspacer, \@no@pgbk, \@newline, and
 \\  on input line 5578.
\c@part=\count85
\c@section=\count86
\c@subsection=\count87
\c@subsubsection=\count88
\c@paragraph=\count89
\c@subparagraph=\count90
\abovecaptionskip=\skip42
\belowcaptionskip=\skip43
\c@figure=\count91
\fbox@1=\box36
\c@table=\count92
\fbox@2=\box37
\c@video=\count93
\fbox@4=\box38
\@bibdataout=\write3
\widetext@top=\box39
\widetext@bot=\box40
Class revtex4-1 Info: Selecting society aps on input line 7542.
(/usr/local/texlive/2016/texmf-dist/tex/latex/revtex/aps4-1.rtx
File: aps4-1 2010/07/25/20:33:00 4.1r (http://publish.aps.org/revtex4/ for docu
mentation)
Class revtex4-1 Info: RevTeX society APS selected on input line 31.
)

Class revtex4-1 Warning: No journal specified, using default pra.

Class revtex4-1 Info: APS journal PRA selected on input line 7545.

Class revtex4-1 Warning: No type size specified, using default 10.

(/usr/local/texlive/2016/texmf-dist/tex/latex/revtex/aps10pt4-1.rtx
File: aps10pt4-1 2010/07/25/20:33:00 4.1r (http://publish.aps.org/revtex4/ for 
documentation)
Class revtex4-1 Info: RevTeX pointsize 10pt selected on input line 30.
)
(/usr/local/texlive/2016/texmf-dist/tex/latex/textcase/textcase.sty
Package: textcase 2004/10/07 v0.07 Text only upper/lower case changing (DPC)
)
(/usr/local/texlive/2016/texmf-dist/tex/latex/url/url.sty
\Urlmuskip=\muskip10
Package: url 2013/09/16  ver 3.4  Verb mode for urls, etc.
)
(/usr/local/texlive/2016/texmf-dist/tex/latex/natbib/natbib.sty
Package: natbib 2010/09/13 8.31b (PWD, AO)
\bibhang=\skip44
\bibsep=\skip45
LaTeX Info: Redefining \cite on input line 694.
\c@NAT@ctr=\count94
)
Class revtex4-1 Info: Repairing natbib's \BibitemShut on input line 7549.

(/usr/local/texlive/2016/texmf-dist/tex/latex/revtex/revsymb4-1.sty
Package: revsymb4-1 2010/07/25/20:33:00 4.1r (http://publish.aps.org/revtex4/ f
or documentation)
LaTeX Info: Redefining \REV@mathfrak on input line 119.
))
(/usr/local/texlive/2016/texmf-dist/tex/generic/epsf/epsf.tex
This is `epsf.tex' v2.7.4 <14 February 2011>
\epsffilein=\read1
\epsfframemargin=\dimen102
\epsfframethickness=\dimen103
\epsfrsize=\dimen104
\epsftmp=\dimen105
\epsftsize=\dimen106
\epsfxsize=\dimen107
\epsfysize=\dimen108
\pspoints=\dimen109
) (/usr/local/texlive/2016/texmf-dist/tex/latex/graphics/graphics.sty
Package: graphics 2016/05/09 v1.0r Standard LaTeX Graphics (DPC,SPQR)

(/usr/local/texlive/2016/texmf-dist/tex/latex/graphics/trig.sty
Package: trig 2016/01/03 v1.10 sin cos tan (DPC)
)
(/usr/local/texlive/2016/texmf-dist/tex/latex/graphics-cfg/graphics.cfg
File: graphics.cfg 2016/01/02 v1.10 sample graphics configuration
)
Package graphics Info: Driver file: pdftex.def on input line 96.

(/usr/local/texlive/2016/texmf-dist/tex/latex/pdftex-def/pdftex.def
File: pdftex.def 2011/05/27 v0.06d Graphics/color for pdfTeX

(/usr/local/texlive/2016/texmf-dist/tex/generic/oberdiek/infwarerr.sty
Package: infwarerr 2016/05/16 v1.4 Providing info/warning/error messages (HO)
)
(/usr/local/texlive/2016/texmf-dist/tex/generic/oberdiek/ltxcmds.sty
Package: ltxcmds 2016/05/16 v1.23 LaTeX kernel commands for general use (HO)
)
\Gread@gobject=\count95
))
(/usr/local/texlive/2016/texmf-dist/tex/latex/amsmath/amsmath.sty
Package: amsmath 2016/03/10 v2.15b AMS math features
\@mathmargin=\skip46

For additional information on amsmath, use the `?' option.
(/usr/local/texlive/2016/texmf-dist/tex/latex/amsmath/amstext.sty
Package: amstext 2000/06/29 v2.01 AMS text

(/usr/local/texlive/2016/texmf-dist/tex/latex/amsmath/amsgen.sty
File: amsgen.sty 1999/11/30 v2.0 generic functions
\@emptytoks=\toks16
\ex@=\dimen110
)
LaTeX Info: Redefining \text on input line 28.
)
(/usr/local/texlive/2016/texmf-dist/tex/latex/amsmath/amsbsy.sty
Package: amsbsy 1999/11/29 v1.2d Bold Symbols
\pmbraise@=\dimen111
)
(/usr/local/texlive/2016/texmf-dist/tex/latex/amsmath/amsopn.sty
Package: amsopn 2016/03/08 v2.02 operator names
)
\inf@bad=\count96
LaTeX Info: Redefining \frac on input line 199.
\uproot@=\count97
\leftroot@=\count98
LaTeX Info: Redefining \overline on input line 297.
\classnum@=\count99
\DOTSCASE@=\count100
LaTeX Info: Redefining \ldots on input line 394.
LaTeX Info: Redefining \dots on input line 397.
LaTeX Info: Redefining \cdots on input line 518.
\Mathstrutbox@=\box41
\strutbox@=\box42
\big@size=\dimen112
LaTeX Font Info:    Redeclaring font encoding OML on input line 634.
LaTeX Font Info:    Redeclaring font encoding OMS on input line 635.
\macc@depth=\count101
\c@MaxMatrixCols=\count102
\dotsspace@=\muskip11
\c@parentequation=\count103
\dspbrk@lvl=\count104
\tag@help=\toks17
\row@=\count105
\column@=\count106
\maxfields@=\count107
\andhelp@=\toks18
\eqnshift@=\dimen113
\alignsep@=\dimen114
\tagshift@=\dimen115
\tagwidth@=\dimen116
\totwidth@=\dimen117
\lineht@=\dimen118
\@envbody=\toks19
\multlinegap=\skip47
\multlinetaggap=\skip48
\mathdisplay@stack=\toks20
LaTeX Info: Redefining \[ on input line 2739.
LaTeX Info: Redefining \] on input line 2740.
)
(/usr/local/texlive/2016/texmf-dist/tex/latex/amsfonts/amssymb.sty
Package: amssymb 2013/01/14 v3.01 AMS font symbols

(/usr/local/texlive/2016/texmf-dist/tex/latex/amsfonts/amsfonts.sty
Package: amsfonts 2013/01/14 v3.01 Basic AMSFonts support
\symAMSa=\mathgroup4
\symAMSb=\mathgroup5
LaTeX Font Info:    Overwriting math alphabet `\mathfrak' in version `bold'
(Font)                  U/euf/m/n --> U/euf/b/n on input line 106.
LaTeX Info: Redefining \frak on input line 111.
LaTeX Info: Redefining \Bbb on input line 113.
))
(/usr/local/texlive/2016/texmf-dist/tex/latex/tools/bm.sty
Package: bm 2016/02/27 v1.2a Bold Symbol Support (DPC/FMi)
\symboldoperators=\mathgroup6
\symboldletters=\mathgroup7
\symboldsymbols=\mathgroup8
LaTeX Font Info:    Redeclaring math alphabet \mathbf on input line 142.
LaTeX Info: Redefining \bm on input line 208.
)
(/usr/local/texlive/2016/texmf-dist/tex/latex/braket/braket.sty)
(/usr/local/texlive/2016/texmf-dist/tex/latex/booktabs/booktabs.sty
Package: booktabs 2016/04/27 v1.618033 publication quality tables
\heavyrulewidth=\dimen119
\lightrulewidth=\dimen120
\cmidrulewidth=\dimen121
\belowrulesep=\dimen122
\belowbottomsep=\dimen123
\aboverulesep=\dimen124
\abovetopsep=\dimen125
\cmidrulesep=\dimen126
\cmidrulekern=\dimen127
\defaultaddspace=\dimen128
\@cmidla=\count108
\@cmidlb=\count109
\@aboverulesep=\dimen129
\@belowrulesep=\dimen130
\@thisruleclass=\count110
\@lastruleclass=\count111
\@thisrulewidth=\dimen131
)
(/usr/local/texlive/2016/texmf-dist/tex/latex/subfigure/subfigure.sty
Package: subfigure 2002/03/15 v2.1.5 subfigure package
\subfigtopskip=\skip49
\subfigcapskip=\skip50
\subfigcaptopadj=\dimen132
\subfigbottomskip=\skip51
\subfigcapmargin=\dimen133
\subfiglabelskip=\skip52
\c@subfigure=\count112
\c@lofdepth=\count113
\c@subtable=\count114
\c@lotdepth=\count115

****************************************
* Local config file subfigure.cfg used *
****************************************
(/usr/local/texlive/2016/texmf-dist/tex/latex/subfigure/subfigure.cfg)
\subfig@top=\skip53
\subfig@bottom=\skip54
)
(/usr/local/texlive/2016/texmf-dist/tex/latex/subfloat/subfloat.sty
Package: subfloat 2003/08/21 version 2.14

Package `subfloat', Version 2.14 of 2003/08/21.

Package subfloat Warning: Numbers of floats not counted:
(subfloat)                If you use one of the counters subfloatfiguremax or
(subfloat)                subfloattablemax you will get strange error messages
(subfloat)                containing \c@subfloatfiguremax or
(subfloat)                \c@subfloattablemax:
(subfloat)                Please switch on countmax or remove the code using
(subfloat)                the counter then..

) (/usr/local/texlive/2016/texmf-dist/tex/latex/float/float.sty
Package: float 2001/11/08 v1.3d Float enhancements (AL)
\c@float@type=\count116
\float@exts=\toks21
\float@box=\box43
\@float@everytoks=\toks22
\@floatcapt=\box44
)
(/usr/local/texlive/2016/texmf-dist/tex/latex/xcolor/xcolor.sty
Package: xcolor 2016/05/11 v2.12 LaTeX color extensions (UK)

(/usr/local/texlive/2016/texmf-dist/tex/latex/graphics-cfg/color.cfg
File: color.cfg 2016/01/02 v1.6 sample color configuration
)
Package xcolor Info: Package option `usenames' ignored on input line 216.
Package xcolor Info: Driver file: pdftex.def on input line 225.
Package xcolor Info: Model `cmy' substituted by `cmy0' on input line 1348.
Package xcolor Info: Model `hsb' substituted by `rgb' on input line 1352.
Package xcolor Info: Model `RGB' extended on input line 1364.
Package xcolor Info: Model `HTML' substituted by `rgb' on input line 1366.
Package xcolor Info: Model `Hsb' substituted by `hsb' on input line 1367.
Package xcolor Info: Model `tHsb' substituted by `hsb' on input line 1368.
Package xcolor Info: Model `HSB' substituted by `hsb' on input line 1369.
Package xcolor Info: Model `Gray' substituted by `gray' on input line 1370.
Package xcolor Info: Model `wave' substituted by `hsb' on input line 1371.

(/usr/local/texlive/2016/texmf-dist/tex/latex/xcolor/svgnam.def
File: svgnam.def 2016/05/11 v2.12 Predefined colors according to SVG 1.1 (UK)
))
(/usr/local/texlive/2016/texmf-dist/tex/latex/hyperref/hyperref.sty
Package: hyperref 2016/05/05 v6.83n Hypertext links for LaTeX

(/usr/local/texlive/2016/texmf-dist/tex/generic/oberdiek/hobsub-hyperref.sty
Package: hobsub-hyperref 2016/05/16 v1.14 Bundle oberdiek, subset hyperref (HO)


(/usr/local/texlive/2016/texmf-dist/tex/generic/oberdiek/hobsub-generic.sty
Package: hobsub-generic 2016/05/16 v1.14 Bundle oberdiek, subset generic (HO)
Package: hobsub 2016/05/16 v1.14 Construct package bundles (HO)
Package hobsub Info: Skipping package `infwarerr' (already loaded).
Package hobsub Info: Skipping package `ltxcmds' (already loaded).
Package: ifluatex 2016/05/16 v1.4 Provides the ifluatex switch (HO)
Package ifluatex Info: LuaTeX not detected.
Package: ifvtex 2016/05/16 v1.6 Detect VTeX and its facilities (HO)
Package ifvtex Info: VTeX not detected.
Package: intcalc 2016/05/16 v1.2 Expandable calculations with integers (HO)
Package: ifpdf 2016/05/14 v3.1 Provides the ifpdf switch
Package: etexcmds 2016/05/16 v1.6 Avoid name clashes with e-TeX commands (HO)
Package etexcmds Info: Could not find \expanded.
(etexcmds)             That can mean that you are not using pdfTeX 1.50 or
(etexcmds)             that some package has redefined \expanded.
(etexcmds)             In the latter case, load this package earlier.
Package: kvsetkeys 2016/05/16 v1.17 Key value parser (HO)
Package: kvdefinekeys 2016/05/16 v1.4 Define keys (HO)
Package: pdftexcmds 2016/05/10 v0.21 Utility functions of pdfTeX for LuaTeX (HO
)
Package pdftexcmds Info: LuaTeX not detected.
Package pdftexcmds Info: \pdf@primitive is available.
Package pdftexcmds Info: \pdf@ifprimitive is available.
Package pdftexcmds Info: \pdfdraftmode found.
Package: pdfescape 2016/05/16 v1.14 Implements pdfTeX's escape features (HO)
Package: bigintcalc 2016/05/16 v1.4 Expandable calculations on big integers (HO
)
Package: bitset 2016/05/16 v1.2 Handle bit-vector datatype (HO)
Package: uniquecounter 2016/05/16 v1.3 Provide unlimited unique counter (HO)
)
Package hobsub Info: Skipping package `hobsub' (already loaded).
Package: letltxmacro 2016/05/16 v1.5 Let assignment for LaTeX macros (HO)
Package: hopatch 2016/05/16 v1.3 Wrapper for package hooks (HO)
Package: xcolor-patch 2016/05/16 xcolor patch
Package: atveryend 2016/05/16 v1.9 Hooks at the very end of document (HO)
Package: atbegshi 2016/05/16 v1.17 At begin shipout hook (HO)
Package: refcount 2016/05/16 v3.5 Data extraction from label references (HO)
Package: hycolor 2016/05/16 v1.8 Color options for hyperref/bookmark (HO)
)
(/usr/local/texlive/2016/texmf-dist/tex/latex/graphics/keyval.sty
Package: keyval 2014/10/28 v1.15 key=value parser (DPC)
\KV@toks@=\toks23
)
(/usr/local/texlive/2016/texmf-dist/tex/generic/ifxetex/ifxetex.sty
Package: ifxetex 2010/09/12 v0.6 Provides ifxetex conditional
)
(/usr/local/texlive/2016/texmf-dist/tex/latex/oberdiek/auxhook.sty
Package: auxhook 2016/05/16 v1.4 Hooks for auxiliary files (HO)
)
(/usr/local/texlive/2016/texmf-dist/tex/latex/oberdiek/kvoptions.sty
Package: kvoptions 2016/05/16 v3.12 Key value format for package options (HO)
)
\@linkdim=\dimen134
\Hy@linkcounter=\count117
\Hy@pagecounter=\count118

(/usr/local/texlive/2016/texmf-dist/tex/latex/hyperref/pd1enc.def
File: pd1enc.def 2016/05/05 v6.83n Hyperref: PDFDocEncoding definition (HO)
)
\Hy@SavedSpaceFactor=\count119

(/usr/local/texlive/2016/texmf-dist/tex/latex/latexconfig/hyperref.cfg
File: hyperref.cfg 2002/06/06 v1.2 hyperref configuration of TeXLive
)
Package hyperref Info: Hyper figures OFF on input line 4446.
Package hyperref Info: Link nesting OFF on input line 4451.
Package hyperref Info: Hyper index ON on input line 4454.
Package hyperref Info: Plain pages OFF on input line 4461.
Package hyperref Info: Backreferencing OFF on input line 4466.
Package hyperref Info: Implicit mode ON; LaTeX internals redefined.
Package hyperref Info: Bookmarks ON on input line 4691.
LaTeX Info: Redefining \href on input line 4955.
\c@Hy@tempcnt=\count120
LaTeX Info: Redefining \url on input line 5044.
\XeTeXLinkMargin=\dimen135
\Fld@menulength=\count121
\Field@Width=\dimen136
\Fld@charsize=\dimen137
Package hyperref Info: Hyper figures OFF on input line 6298.
Package hyperref Info: Link nesting OFF on input line 6303.
Package hyperref Info: Hyper index ON on input line 6306.
Package hyperref Info: backreferencing OFF on input line 6313.
Package hyperref Info: Link coloring OFF on input line 6318.
Package hyperref Info: Link coloring with OCG OFF on input line 6323.
Package hyperref Info: PDF/A mode OFF on input line 6328.
LaTeX Info: Redefining \ref on input line 6368.
LaTeX Info: Redefining \pageref on input line 6372.
\Hy@abspage=\count122
\c@Item=\count123
\c@Hfootnote=\count124
)

Package hyperref Message: Driver (autodetected): hpdftex.

(/usr/local/texlive/2016/texmf-dist/tex/latex/hyperref/hpdftex.def
File: hpdftex.def 2016/05/05 v6.83n Hyperref driver for pdfTeX
\Fld@listcount=\count125
\c@bookmark@seq@number=\count126

(/usr/local/texlive/2016/texmf-dist/tex/latex/oberdiek/rerunfilecheck.sty
Package: rerunfilecheck 2016/05/16 v1.8 Rerun checks for auxiliary files (HO)
Package uniquecounter Info: New unique counter `rerunfilecheck' on input line 2
82.
)
\Hy@SectionHShift=\skip55
)
Package hyperref Info: Option `colorlinks' set `true' on input line 21.

(/usr/local/texlive/2016/texmf-dist/tex/latex/tools/dcolumn.sty
Package: dcolumn 2014/10/28 v1.06 decimal alignment package (DPC)

(/usr/local/texlive/2016/texmf-dist/tex/latex/tools/array.sty
Package: array 2014/10/28 v2.4c Tabular extension package (FMi)
\col@sep=\dimen138
\extrarowheight=\dimen139
\NC@list=\toks24
\extratabsurround=\skip56
\backup@length=\skip57
))
(/usr/local/texlive/2016/texmf-dist/tex/latex/hyphenat/hyphenat.sty
Package: hyphenat 2009/09/02 v2.3c hyphenation utilities
\langwohyphens=\language83
LaTeX Info: Redefining \_ on input line 43.
)
(/usr/local/texlive/2016/texmf-dist/tex/latex/graphics/graphicx.sty
Package: graphicx 2014/10/28 v1.0g Enhanced LaTeX Graphics (DPC,SPQR)
\Gin@req@height=\dimen140
\Gin@req@width=\dimen141
)
Class revtex4-1 Info: Patching array package. on input line 43.


Class revtex4-1 Warning: Repair the float package.

Class revtex4-1 Info: Robustifying \LaTeX's \boldmath command on input line 43.

Class revtex4-1 Info: cite was not loaded (OK!) on input line 43.
Class revtex4-1 Info: mcite was not loaded (OK!) on input line 43.
Class revtex4-1 Info: multicol was not loaded (OK!) on input line 43.

LaTeX Warning: Unused global option(s):
    [article].

(./paper.aux)
\openout1 = `paper.aux'.

LaTeX Font Info:    Checking defaults for OML/cmm/m/it on input line 43.
LaTeX Font Info:    ... okay on input line 43.
LaTeX Font Info:    Checking defaults for T1/cmr/m/n on input line 43.
LaTeX Font Info:    ... okay on input line 43.
LaTeX Font Info:    Checking defaults for OT1/cmr/m/n on input line 43.
LaTeX Font Info:    ... okay on input line 43.
LaTeX Font Info:    Checking defaults for OMS/cmsy/m/n on input line 43.
LaTeX Font Info:    ... okay on input line 43.
LaTeX Font Info:    Checking defaults for OMX/cmex/m/n on input line 43.
LaTeX Font Info:    ... okay on input line 43.
LaTeX Font Info:    Checking defaults for U/cmr/m/n on input line 43.
LaTeX Font Info:    ... okay on input line 43.
LaTeX Font Info:    Checking defaults for PD1/pdf/m/n on input line 43.
LaTeX Font Info:    ... okay on input line 43.

(/usr/local/texlive/2016/texmf-dist/tex/context/base/mkii/supp-pdf.mkii
[Loading MPS to PDF converter (version 2006.09.02).]
\scratchcounter=\count127
\scratchdimen=\dimen142
\scratchbox=\box45
\nofMPsegments=\count128
\nofMParguments=\count129
\everyMPshowfont=\toks25
\MPscratchCnt=\count130
\MPscratchDim=\dimen143
\MPnumerator=\count131
\makeMPintoPDFobject=\count132
\everyMPtoPDFconversion=\toks26
) (/usr/local/texlive/2016/texmf-dist/tex/latex/oberdiek/epstopdf-base.sty
Package: epstopdf-base 2016/05/15 v2.6 Base part for package epstopdf

(/usr/local/texlive/2016/texmf-dist/tex/latex/oberdiek/grfext.sty
Package: grfext 2016/05/16 v1.2 Manage graphics extensions (HO)
)
Package grfext Info: Graphics extension search list:
(grfext)             [.png,.pdf,.jpg,.mps,.jpeg,.jbig2,.jb2,.PNG,.PDF,.JPG,.JPE
G,.JBIG2,.JB2,.eps]
(grfext)             \AppendGraphicsExtensions on input line 456.

(/usr/local/texlive/2016/texmf-dist/tex/latex/latexconfig/epstopdf-sys.cfg
File: epstopdf-sys.cfg 2010/07/13 v1.3 Configuration of (r)epstopdf for TeX Liv
e
))
\AtBeginShipoutBox=\box46
Package hyperref Info: Link coloring ON on input line 43.

(/usr/local/texlive/2016/texmf-dist/tex/latex/hyperref/nameref.sty
Package: nameref 2012/10/27 v2.43 Cross-referencing by name of section

(/usr/local/texlive/2016/texmf-dist/tex/generic/oberdiek/gettitlestring.sty
Package: gettitlestring 2016/05/16 v1.5 Cleanup title references (HO)
)
\c@section@level=\count133
)
LaTeX Info: Redefining \ref on input line 43.
LaTeX Info: Redefining \pageref on input line 43.
LaTeX Info: Redefining \nameref on input line 43.

(./paper.out) (./paper.out)
\@outlinefile=\write4
\openout4 = `paper.out'.

Class revtex4-1 Info: Taking \maketitle back from hyperref on input line 43.
\openout3 = `paperNotes.bib'.

LaTeX Font Info:    Try loading font information for U+msa on input line 60.

(/usr/local/texlive/2016/texmf-dist/tex/latex/amsfonts/umsa.fd
File: umsa.fd 2013/01/14 v3.01 AMS symbols A
)
LaTeX Font Info:    Try loading font information for U+msb on input line 60.

(/usr/local/texlive/2016/texmf-dist/tex/latex/amsfonts/umsb.fd
File: umsb.fd 2013/01/14 v3.01 AMS symbols B
) [1{/usr/local/texlive/2016/texmf-var/fonts/map/pdftex/updmap/pdftex.map}]
<figures/potential_scalar_bh.pdf, id=101, 472.33755pt x 345.88834pt>
File: figures/potential_scalar_bh.pdf Graphic file (type pdf)

<use figures/potential_scalar_bh.pdf>
Package pdftex.def Info: figures/potential_scalar_bh.pdf used on input line 86.

(pdftex.def)             Requested size: 229.49844pt x 168.06175pt.

<figures/bh_l_2.pdf, id=106, 272.71764pt x 493.11519pt>
File: figures/bh_l_2.pdf Graphic file (type pdf)

<use figures/bh_l_2.pdf>
Package pdftex.def Info: figures/bh_l_2.pdf used on input line 123.
(pdftex.def)             Requested size: 229.49844pt x 414.98892pt.

<figures/Scalar_bh.pdf, id=107, 485.03189pt x 346.07791pt>
File: figures/Scalar_bh.pdf Graphic file (type pdf)

<use figures/Scalar_bh.pdf>
Package pdftex.def Info: figures/Scalar_bh.pdf used on input line 129.
(pdftex.def)             Requested size: 229.49844pt x 163.75502pt.

<figures/RT_omega_scalar.pdf, id=110, 446.79771pt x 342.87709pt>
File: figures/RT_omega_scalar.pdf Graphic file (type pdf)

<use figures/RT_omega_scalar.pdf>
Package pdftex.def Info: figures/RT_omega_scalar.pdf used on input line 135.
(pdftex.def)             Requested size: 229.49844pt x 176.12065pt.
 [2 <./figures/potential_scalar_bh.pdf>]

LaTeX Warning: A float is stuck (cannot be placed); try class option [floatfix]
 on input line 140.


Underfull \hbox (badness 1286) in paragraph at lines 141--142
\OT1/cmr/m/n/10 re-flected $[](\OML/cmm/m/it/10 !\OT1/cmr/m/n/10 ) = \OMS/cmsy/
m/n/10 F\OT1/cmr/m/n/10 [\OMS/cmsy/m/n/10 U[]\OT1/cmr/m/n/10 (\OML/cmm/m/it/10 
t; \OT1/cmr/m/n/10 +\OMS/cmsy/m/n/10 1\OT1/cmr/m/n/10 )]$ and trans-mit-ted
 []

[3 <./figures/bh_l_2.pdf> <./figures/Scalar_bh.pdf

pdfTeX warning: /Library/TeX/texbin/pdflatex (file ./figures/Scalar_bh.pdf): PD
F inclusion: multiple pdfs with page group included in a single page
> <./figures/RT_omega_scalar.pdf

pdfTeX warning: /Library/TeX/texbin/pdflatex (file ./figures/RT_omega_scalar.pd
f): PDF inclusion: multiple pdfs with page group included in a single page
>] (./paper.bbl
Underfull \hbox (badness 2980) in paragraph at lines 96--105
 \OT1/cmr/m/n/9 Lett. \OT1/cmr/bx/n/9 116\OT1/cmr/m/n/9 , 171101 (2016)[][], [E
r-ra-tum: Phys. Rev.
 []


Underfull \hbox (badness 10000) in paragraph at lines 109--117
 []\OT1/cmr/m/n/9 L. M. Krauss, S. Do-del-son,  and
 []


Underfull \hbox (badness 10000) in paragraph at lines 109--117
 \OT1/cmr/m/n/9 S. Meyer, [][]Sci-ence \OT1/cmr/bx/n/9 328\OT1/cmr/m/n/9 , 989 
(2010)[][],
 []


Underfull \hbox (badness 10000) in paragraph at lines 109--117
 [][]\OT1/cmr/m/n/9 http://science.sciencemag.org/content/328/5981/989
 []


Underfull \hbox (badness 2452) in paragraph at lines 190--197
 []\OT1/cmr/m/n/9 P. O. Mazur and E. Mot-tola,  (2001), [][]arXiv:gr-
 []

) [4]
Package atveryend Info: Empty hook `AfterLastShipout' on input line 156.
 (./paper.aux)
Package atveryend Info: Executing hook `AtVeryEndDocument' on input line 156.
Package atveryend Info: Executing hook `AtEndAfterFileList' on input line 156.


Package rerunfilecheck Warning: File `paper.out' has changed.
(rerunfilecheck)                Rerun to get outlines right
(rerunfilecheck)                or use package `bookmark'.

Package rerunfilecheck Info: Checksums for `paper.out':
(rerunfilecheck)             Before: 82584A2140882D5AEA16403EE1A70BF5;557
(rerunfilecheck)             After:  2D259F65BF553134D7D9255AD5968BDC;639.

LaTeX Warning: Label(s) may have changed. Rerun to get cross-references right .


 ) 
Here is how much of TeX's memory you used:
 9187 strings out of 493014
 129691 string characters out of 6133351
 267486 words of memory out of 5000000
 12526 multiletter control sequences out of 15000+600000
 16629 words of font info for 62 fonts, out of 8000000 for 9000
 1141 hyphenation exceptions out of 8191
 29i,8n,35p,1918b,397s stack positions out of 5000i,500n,10000p,200000b,80000s
</usr/local/texlive/2016/texmf-dist/fonts/type1/public/amsfonts/cm/cmbx12.pfb
></usr/local/texlive/2016/texmf-dist/fonts/type1/public/amsfonts/cm/cmbx9.pfb><
/usr/local/texlive/2016/texmf-dist/fonts/type1/public/amsfonts/cm/cmex10.pfb></
usr/local/texlive/2016/texmf-dist/fonts/type1/public/amsfonts/cm/cmmi10.pfb></u
sr/local/texlive/2016/texmf-dist/fonts/type1/public/amsfonts/cm/cmmi12.pfb></us
r/local/texlive/2016/texmf-dist/fonts/type1/public/amsfonts/cm/cmmi6.pfb></usr/
local/texlive/2016/texmf-dist/fonts/type1/public/amsfonts/cm/cmmi7.pfb></usr/lo
cal/texlive/2016/texmf-dist/fonts/type1/public/amsfonts/cm/cmmi9.pfb></usr/loca
l/texlive/2016/texmf-dist/fonts/type1/public/amsfonts/cm/cmr10.pfb></usr/local/
texlive/2016/texmf-dist/fonts/type1/public/amsfonts/cm/cmr12.pfb></usr/local/te
xlive/2016/texmf-dist/fonts/type1/public/amsfonts/cm/cmr17.pfb></usr/local/texl
ive/2016/texmf-dist/fonts/type1/public/amsfonts/cm/cmr5.pfb></usr/local/texlive
/2016/texmf-dist/fonts/type1/public/amsfonts/cm/cmr6.pfb></usr/local/texlive/20
16/texmf-dist/fonts/type1/public/amsfonts/cm/cmr7.pfb></usr/local/texlive/2016/
texmf-dist/fonts/type1/public/amsfonts/cm/cmr8.pfb></usr/local/texlive/2016/tex
mf-dist/fonts/type1/public/amsfonts/cm/cmr9.pfb></usr/local/texlive/2016/texmf-
dist/fonts/type1/public/amsfonts/cm/cmsy10.pfb></usr/local/texlive/2016/texmf-d
ist/fonts/type1/public/amsfonts/cm/cmsy6.pfb></usr/local/texlive/2016/texmf-dis
t/fonts/type1/public/amsfonts/cm/cmsy7.pfb></usr/local/texlive/2016/texmf-dist/
fonts/type1/public/amsfonts/cm/cmsy9.pfb></usr/local/texlive/2016/texmf-dist/fo
nts/type1/public/amsfonts/cm/cmti9.pfb></usr/local/texlive/2016/texmf-dist/font
s/type1/public/amsfonts/cm/cmtt10.pfb></usr/local/texlive/2016/texmf-dist/fonts
/type1/public/amsfonts/symbols/msam10.pfb>
Output written on paper.pdf (4 pages, 603895 bytes).
PDF statistics:
 382 PDF objects out of 1000 (max. 8388607)
 341 compressed objects within 4 object streams
 58 named destinations out of 1000 (max. 500000)
 85 words of extra memory for PDF output out of 10000 (max. 10000000)

